<?xml version="1.0" encoding="UTF-8"?>
<testng-results ignored="0" total="3" passed="3" failed="0" skipped="0">
  <reporter-output>
  </reporter-output>
  <suite started-at="2025-06-13T10:28:56 IST" name="Suite" finished-at="2025-06-13T10:29:05 IST" duration-ms="9158">
    <groups>
    </groups>
    <test started-at="2025-06-13T10:28:56 IST" name="Test" finished-at="2025-06-13T10:29:05 IST" duration-ms="9158">
      <class name="testCase.LoginTest">
        <test-method is-config="true" signature="setUp(java.lang.String)[pri:0, instance:testCase.LoginTest@66238be2]" started-at="2025-06-13T10:28:56 IST" name="setUp" finished-at="2025-06-13T10:29:01 IST" duration-ms="4543" status="PASS">
          <params>
            <param index="0">
              <value>
                <![CDATA[chrome]]>
              </value>
            </param>
          </params>
          <reporter-output>
          </reporter-output>
        </test-method> <!-- setUp -->
        <test-method signature="verifyLogin()[pri:1, instance:testCase.LoginTest@66238be2]" started-at="2025-06-13T10:29:01 IST" name="verifyLogin" finished-at="2025-06-13T10:29:04 IST" duration-ms="3156" status="PASS">
          <reporter-output>
          </reporter-output>
        </test-method> <!-- verifyLogin -->
        <test-method is-config="true" signature="attachScreenshotForFailedTestCase(org.testng.ITestResult)[pri:0, instance:testCase.LoginTest@66238be2]" started-at="2025-06-13T10:29:04 IST" name="attachScreenshotForFailedTestCase" finished-at="2025-06-13T10:29:04 IST" duration-ms="0" status="PASS">
          <params>
            <param index="0">
              <value>
                <![CDATA[[TestResult name=verifyLogin status=SUCCESS method=LoginTest.verifyLogin()[pri:1, instance:testCase.LoginTest@66238be2] output={null}]]]>
              </value>
            </param>
          </params>
          <reporter-output>
          </reporter-output>
        </test-method> <!-- attachScreenshotForFailedTestCase -->
        <test-method signature="verifyHomePage()[pri:2, instance:testCase.LoginTest@66238be2]" started-at="2025-06-13T10:29:04 IST" name="verifyHomePage" finished-at="2025-06-13T10:29:04 IST" duration-ms="376" status="PASS">
          <reporter-output>
          </reporter-output>
        </test-method> <!-- verifyHomePage -->
        <test-method is-config="true" signature="attachScreenshotForFailedTestCase(org.testng.ITestResult)[pri:0, instance:testCase.LoginTest@66238be2]" started-at="2025-06-13T10:29:04 IST" name="attachScreenshotForFailedTestCase" finished-at="2025-06-13T10:29:04 IST" duration-ms="4" status="PASS">
          <params>
            <param index="0">
              <value>
                <![CDATA[[TestResult name=verifyHomePage status=SUCCESS method=LoginTest.verifyHomePage()[pri:2, instance:testCase.LoginTest@66238be2] output={null}]]]>
              </value>
            </param>
          </params>
          <reporter-output>
          </reporter-output>
        </test-method> <!-- attachScreenshotForFailedTestCase -->
        <test-method signature="verifyCart()[pri:3, instance:testCase.LoginTest@66238be2]" started-at="2025-06-13T10:29:04 IST" name="verifyCart" finished-at="2025-06-13T10:29:05 IST" duration-ms="326" status="PASS">
          <reporter-output>
          </reporter-output>
        </test-method> <!-- verifyCart -->
        <test-method is-config="true" signature="attachScreenshotForFailedTestCase(org.testng.ITestResult)[pri:0, instance:testCase.LoginTest@66238be2]" started-at="2025-06-13T10:29:05 IST" name="attachScreenshotForFailedTestCase" finished-at="2025-06-13T10:29:05 IST" duration-ms="10" status="PASS">
          <params>
            <param index="0">
              <value>
                <![CDATA[[TestResult name=verifyCart status=SUCCESS method=LoginTest.verifyCart()[pri:3, instance:testCase.LoginTest@66238be2] output={null}]]]>
              </value>
            </param>
          </params>
          <reporter-output>
          </reporter-output>
        </test-method> <!-- attachScreenshotForFailedTestCase -->
        <test-method is-config="true" signature="tearDown()[pri:0, instance:testCase.LoginTest@66238be2]" started-at="2025-06-13T10:29:05 IST" name="tearDown" finished-at="2025-06-13T10:29:05 IST" duration-ms="523" status="PASS">
          <reporter-output>
          </reporter-output>
        </test-method> <!-- tearDown -->
      </class> <!-- testCase.LoginTest -->
    </test> <!-- Test -->
  </suite> <!-- Suite -->
</testng-results>
